<?xml version="1.0" encoding="UTF-8"?>
<robot generator="Robot 5.0.1 (Python 3.9.13 on win32)" generated="20220625 11:46:38.407" rpa="false" schemaversion="3">
<suite id="s1" name="Jhonatan" source="C:\Users\jhona\OneDrive\Área de Trabalho\qa python\jhonatan.robot">
<test id="s1-t1" name="testando data Analytics" line="5">
<kw name="processo dataAnalytics" library="jhonatan">
<kw name="processo principal" library="jhonatan">
<arg>${textoDataAnalytics}</arg>
<arg>${textoDataAnalytics_}</arg>
<arg>${btnDataAnalytics}</arg>
<arg>${btnInscreverAgora}</arg>
<arg>${btnInscrever}</arg>
<arg>R$10.315</arg>
<kw name="Open Browser" library="SeleniumLibrary">
<arg>${site}</arg>
<arg>${navegador}</arg>
<doc>Opens a new browser instance to the optional ``url``.</doc>
<msg timestamp="20220625 11:46:50.398" level="INFO">Opening browser 'Chrome' to base url 'https://www.digitalhouse.com/br'.</msg>
<status status="PASS" starttime="20220625 11:46:50.397" endtime="20220625 11:47:56.944"/>
</kw>
<kw name="Maximize Browser Window" library="SeleniumLibrary">
<doc>Maximizes current browser window.</doc>
<status status="PASS" starttime="20220625 11:47:56.944" endtime="20220625 11:47:58.374"/>
</kw>
<kw name="Sleep" library="BuiltIn">
<arg>3</arg>
<doc>Pauses the test executed for the given time.</doc>
<msg timestamp="20220625 11:48:01.402" level="INFO">Slept 3 seconds</msg>
<status status="PASS" starttime="20220625 11:47:58.374" endtime="20220625 11:48:01.402"/>
</kw>
<kw name="Select Frame" library="SeleniumLibrary">
<arg>xpath=/html/body/iframe[2]</arg>
<doc>Sets frame identified by ``locator`` as the current frame.</doc>
<msg timestamp="20220625 11:48:01.402" level="INFO">Selecting frame 'xpath=/html/body/iframe[2]'.</msg>
<status status="PASS" starttime="20220625 11:48:01.402" endtime="20220625 11:48:02.021"/>
</kw>
<kw name="Click Element" library="SeleniumLibrary">
<arg>xpath=/html/body/div/div/div[1]/div[1]/div[2]/div[1]/div[2]</arg>
<doc>Click the element identified by ``locator``.</doc>
<msg timestamp="20220625 11:48:02.023" level="INFO">Clicking element 'xpath=/html/body/div/div/div[1]/div[1]/div[2]/div[1]/div[2]'.</msg>
<status status="PASS" starttime="20220625 11:48:02.021" endtime="20220625 11:48:02.429"/>
</kw>
<kw name="Unselect Frame" library="SeleniumLibrary">
<doc>Sets the main frame as the current frame.</doc>
<status status="PASS" starttime="20220625 11:48:02.429" endtime="20220625 11:48:02.438"/>
</kw>
<kw name="Click Element" library="SeleniumLibrary">
<arg>${outrosCursos}</arg>
<doc>Click the element identified by ``locator``.</doc>
<msg timestamp="20220625 11:48:02.440" level="INFO">Clicking element 'xpath=//*[@id="__next"]/div/main/section/div/div[3]/div/a'.</msg>
<status status="PASS" starttime="20220625 11:48:02.438" endtime="20220625 11:48:13.684"/>
</kw>
<kw name="Click Element" library="SeleniumLibrary">
<arg>${btnCurso}</arg>
<doc>Click the element identified by ``locator``.</doc>
<msg timestamp="20220625 11:48:13.684" level="INFO">Clicking element 'xpath=//*[@id="__next"]/div/main/section[2]/div/div/div[3]/a/span'.</msg>
<status status="PASS" starttime="20220625 11:48:13.684" endtime="20220625 11:48:22.259"/>
</kw>
<kw name="Page Should Contain" library="SeleniumLibrary">
<arg>${texto1}</arg>
<doc>Verifies that current page contains ``text``.</doc>
<msg timestamp="20220625 11:48:22.397" level="INFO">Current page contains text 'voltado para qualquer pessoa que deseja ampliar suas capacidades analíticas'.</msg>
<status status="PASS" starttime="20220625 11:48:22.260" endtime="20220625 11:48:22.397"/>
</kw>
<kw name="Page Should Contain" library="SeleniumLibrary">
<arg>${texto2}</arg>
<doc>Verifies that current page contains ``text``.</doc>
<msg timestamp="20220625 11:48:22.475" level="INFO">Current page contains text 'voltado para qualquer pessoa que deseja ampliar suas capacidades analíticas'.</msg>
<status status="PASS" starttime="20220625 11:48:22.397" endtime="20220625 11:48:22.475"/>
</kw>
<kw name="Click Element" library="SeleniumLibrary">
<arg>${btnInscreverAgora}</arg>
<doc>Click the element identified by ``locator``.</doc>
<msg timestamp="20220625 11:48:22.475" level="INFO">Clicking element 'xpath=//*[@id="__next"]/div/main/section/div/div/div[1]/div/div[2]/div[1]/a'.</msg>
<status status="PASS" starttime="20220625 11:48:22.475" endtime="20220625 11:48:22.940"/>
</kw>
<kw name="Click Element" library="SeleniumLibrary">
<arg>${btnInscrever}</arg>
<doc>Click the element identified by ``locator``.</doc>
<msg timestamp="20220625 11:48:22.942" level="INFO">Clicking element 'xpath=//*[@id="0"]/div/a'.</msg>
<status status="PASS" starttime="20220625 11:48:22.941" endtime="20220625 11:48:32.873"/>
</kw>
<kw name="Page Should Contain" library="SeleniumLibrary">
<arg>${valor}</arg>
<doc>Verifies that current page contains ``text``.</doc>
<msg timestamp="20220625 11:48:32.956" level="INFO">Current page contains text 'R$10.315'.</msg>
<status status="PASS" starttime="20220625 11:48:32.873" endtime="20220625 11:48:32.956"/>
</kw>
<kw name="Close Browser" library="SeleniumLibrary">
<doc>Closes the current browser.</doc>
<status status="PASS" starttime="20220625 11:48:32.956" endtime="20220625 11:48:37.262"/>
</kw>
<status status="PASS" starttime="20220625 11:46:50.392" endtime="20220625 11:48:37.262"/>
</kw>
<status status="PASS" starttime="20220625 11:46:50.391" endtime="20220625 11:48:37.262"/>
</kw>
<status status="PASS" starttime="20220625 11:46:50.348" endtime="20220625 11:48:37.262"/>
</test>
<test id="s1-t2" name="testando data Science" line="8">
<kw name="processo dataScience" library="jhonatan">
<kw name="processo principal" library="jhonatan">
<arg>${textoDataScience}</arg>
<arg>${textoDataScience_}</arg>
<arg>${btnDataScience}</arg>
<arg>${btnInscreverAgora}</arg>
<arg>${btnInscrever}</arg>
<arg>R$11.878</arg>
<kw name="Open Browser" library="SeleniumLibrary">
<arg>${site}</arg>
<arg>${navegador}</arg>
<doc>Opens a new browser instance to the optional ``url``.</doc>
<msg timestamp="20220625 11:48:37.289" level="INFO">Opening browser 'Chrome' to base url 'https://www.digitalhouse.com/br'.</msg>
<status status="PASS" starttime="20220625 11:48:37.288" endtime="20220625 11:49:01.786"/>
</kw>
<kw name="Maximize Browser Window" library="SeleniumLibrary">
<doc>Maximizes current browser window.</doc>
<status status="PASS" starttime="20220625 11:49:01.787" endtime="20220625 11:49:02.093"/>
</kw>
<kw name="Sleep" library="BuiltIn">
<arg>3</arg>
<doc>Pauses the test executed for the given time.</doc>
<msg timestamp="20220625 11:49:05.100" level="INFO">Slept 3 seconds</msg>
<status status="PASS" starttime="20220625 11:49:02.094" endtime="20220625 11:49:05.100"/>
</kw>
<kw name="Select Frame" library="SeleniumLibrary">
<arg>xpath=/html/body/iframe[2]</arg>
<doc>Sets frame identified by ``locator`` as the current frame.</doc>
<msg timestamp="20220625 11:49:05.100" level="INFO">Selecting frame 'xpath=/html/body/iframe[2]'.</msg>
<status status="PASS" starttime="20220625 11:49:05.100" endtime="20220625 11:49:05.192"/>
</kw>
<kw name="Click Element" library="SeleniumLibrary">
<arg>xpath=/html/body/div/div/div[1]/div[1]/div[2]/div[1]/div[2]</arg>
<doc>Click the element identified by ``locator``.</doc>
<msg timestamp="20220625 11:49:05.192" level="INFO">Clicking element 'xpath=/html/body/div/div/div[1]/div[1]/div[2]/div[1]/div[2]'.</msg>
<status status="PASS" starttime="20220625 11:49:05.192" endtime="20220625 11:49:05.575"/>
</kw>
<kw name="Unselect Frame" library="SeleniumLibrary">
<doc>Sets the main frame as the current frame.</doc>
<status status="PASS" starttime="20220625 11:49:05.575" endtime="20220625 11:49:05.600"/>
</kw>
<kw name="Click Element" library="SeleniumLibrary">
<arg>${outrosCursos}</arg>
<doc>Click the element identified by ``locator``.</doc>
<msg timestamp="20220625 11:49:05.602" level="INFO">Clicking element 'xpath=//*[@id="__next"]/div/main/section/div/div[3]/div/a'.</msg>
<status status="PASS" starttime="20220625 11:49:05.601" endtime="20220625 11:49:14.969"/>
</kw>
<kw name="Click Element" library="SeleniumLibrary">
<arg>${btnCurso}</arg>
<doc>Click the element identified by ``locator``.</doc>
<msg timestamp="20220625 11:49:15.027" level="INFO">Clicking element 'xpath=//*[@id="__next"]/div/main/section[2]/div/div/div[4]/a/span'.</msg>
<status status="PASS" starttime="20220625 11:49:14.969" endtime="20220625 11:49:22.404"/>
</kw>
<kw name="Page Should Contain" library="SeleniumLibrary">
<arg>${texto1}</arg>
<doc>Verifies that current page contains ``text``.</doc>
<msg timestamp="20220625 11:49:22.479" level="INFO">Current page contains text 'profissionais de diversas áreas que desejam melhorar sua comunicação como engenheiros de Big Data'.</msg>
<status status="PASS" starttime="20220625 11:49:22.404" endtime="20220625 11:49:22.479"/>
</kw>
<kw name="Page Should Contain" library="SeleniumLibrary">
<arg>${texto2}</arg>
<doc>Verifies that current page contains ``text``.</doc>
<msg timestamp="20220625 11:49:22.542" level="INFO">Current page contains text 'profissionais de diversas áreas que desejam melhorar sua comunicação como engenheiros de Big Data'.</msg>
<status status="PASS" starttime="20220625 11:49:22.479" endtime="20220625 11:49:22.542"/>
</kw>
<kw name="Click Element" library="SeleniumLibrary">
<arg>${btnInscreverAgora}</arg>
<doc>Click the element identified by ``locator``.</doc>
<msg timestamp="20220625 11:49:22.542" level="INFO">Clicking element 'xpath=//*[@id="__next"]/div/main/section/div/div/div[1]/div/div[2]/div[1]/a'.</msg>
<status status="PASS" starttime="20220625 11:49:22.542" endtime="20220625 11:49:22.824"/>
</kw>
<kw name="Click Element" library="SeleniumLibrary">
<arg>${btnInscrever}</arg>
<doc>Click the element identified by ``locator``.</doc>
<msg timestamp="20220625 11:49:22.826" level="INFO">Clicking element 'xpath=//*[@id="0"]/div/a'.</msg>
<status status="PASS" starttime="20220625 11:49:22.825" endtime="20220625 11:49:28.302"/>
</kw>
<kw name="Page Should Contain" library="SeleniumLibrary">
<arg>${valor}</arg>
<doc>Verifies that current page contains ``text``.</doc>
<msg timestamp="20220625 11:49:28.364" level="INFO">Current page contains text 'R$11.878'.</msg>
<status status="PASS" starttime="20220625 11:49:28.303" endtime="20220625 11:49:28.365"/>
</kw>
<kw name="Close Browser" library="SeleniumLibrary">
<doc>Closes the current browser.</doc>
<status status="PASS" starttime="20220625 11:49:28.365" endtime="20220625 11:49:31.773"/>
</kw>
<status status="PASS" starttime="20220625 11:48:37.283" endtime="20220625 11:49:31.774"/>
</kw>
<status status="PASS" starttime="20220625 11:48:37.282" endtime="20220625 11:49:31.774"/>
</kw>
<status status="PASS" starttime="20220625 11:48:37.278" endtime="20220625 11:49:31.776"/>
</test>
<test id="s1-t3" name="testando Marketing Digital" line="11">
<kw name="processo Marketing" library="jhonatan">
<kw name="processo principal" library="jhonatan">
<arg>${textoMarketing}</arg>
<arg>${textoMarketing_}</arg>
<arg>${btnMarketing}</arg>
<arg>${btnInscreverAgora}</arg>
<arg>${btnInscrever}</arg>
<arg>R$9.376</arg>
<kw name="Open Browser" library="SeleniumLibrary">
<arg>${site}</arg>
<arg>${navegador}</arg>
<doc>Opens a new browser instance to the optional ``url``.</doc>
<msg timestamp="20220625 11:49:31.791" level="INFO">Opening browser 'Chrome' to base url 'https://www.digitalhouse.com/br'.</msg>
<status status="PASS" starttime="20220625 11:49:31.789" endtime="20220625 11:49:52.293"/>
</kw>
<kw name="Maximize Browser Window" library="SeleniumLibrary">
<doc>Maximizes current browser window.</doc>
<status status="PASS" starttime="20220625 11:49:52.294" endtime="20220625 11:49:52.709"/>
</kw>
<kw name="Sleep" library="BuiltIn">
<arg>3</arg>
<doc>Pauses the test executed for the given time.</doc>
<msg timestamp="20220625 11:49:55.720" level="INFO">Slept 3 seconds</msg>
<status status="PASS" starttime="20220625 11:49:52.710" endtime="20220625 11:49:55.720"/>
</kw>
<kw name="Select Frame" library="SeleniumLibrary">
<arg>xpath=/html/body/iframe[2]</arg>
<doc>Sets frame identified by ``locator`` as the current frame.</doc>
<msg timestamp="20220625 11:49:55.720" level="INFO">Selecting frame 'xpath=/html/body/iframe[2]'.</msg>
<status status="PASS" starttime="20220625 11:49:55.720" endtime="20220625 11:49:55.791"/>
</kw>
<kw name="Click Element" library="SeleniumLibrary">
<arg>xpath=/html/body/div/div/div[1]/div[1]/div[2]/div[1]/div[2]</arg>
<doc>Click the element identified by ``locator``.</doc>
<msg timestamp="20220625 11:49:55.791" level="INFO">Clicking element 'xpath=/html/body/div/div/div[1]/div[1]/div[2]/div[1]/div[2]'.</msg>
<msg timestamp="20220625 11:49:57.316" level="INFO" html="true">&lt;/td&gt;&lt;/tr&gt;&lt;tr&gt;&lt;td colspan="3"&gt;&lt;a href="selenium-screenshot-74.png"&gt;&lt;img src="selenium-screenshot-74.png" width="800px"&gt;&lt;/a&gt;</msg>
<msg timestamp="20220625 11:49:57.319" level="FAIL">Element with locator 'xpath=/html/body/div/div/div[1]/div[1]/div[2]/div[1]/div[2]' not found.</msg>
<status status="FAIL" starttime="20220625 11:49:55.791" endtime="20220625 11:49:57.745"/>
</kw>
<kw name="Unselect Frame" library="SeleniumLibrary">
<doc>Sets the main frame as the current frame.</doc>
<status status="NOT RUN" starttime="20220625 11:49:57.747" endtime="20220625 11:49:57.747"/>
</kw>
<kw name="Click Element" library="SeleniumLibrary">
<arg>${outrosCursos}</arg>
<doc>Click the element identified by ``locator``.</doc>
<status status="NOT RUN" starttime="20220625 11:49:57.747" endtime="20220625 11:49:57.748"/>
</kw>
<kw name="Click Element" library="SeleniumLibrary">
<arg>${btnCurso}</arg>
<doc>Click the element identified by ``locator``.</doc>
<status status="NOT RUN" starttime="20220625 11:49:57.748" endtime="20220625 11:49:57.748"/>
</kw>
<kw name="Page Should Contain" library="SeleniumLibrary">
<arg>${texto1}</arg>
<doc>Verifies that current page contains ``text``.</doc>
<status status="NOT RUN" starttime="20220625 11:49:57.749" endtime="20220625 11:49:57.749"/>
</kw>
<kw name="Page Should Contain" library="SeleniumLibrary">
<arg>${texto2}</arg>
<doc>Verifies that current page contains ``text``.</doc>
<status status="NOT RUN" starttime="20220625 11:49:57.749" endtime="20220625 11:49:57.750"/>
</kw>
<kw name="Click Element" library="SeleniumLibrary">
<arg>${btnInscreverAgora}</arg>
<doc>Click the element identified by ``locator``.</doc>
<status status="NOT RUN" starttime="20220625 11:49:57.750" endtime="20220625 11:49:57.750"/>
</kw>
<kw name="Click Element" library="SeleniumLibrary">
<arg>${btnInscrever}</arg>
<doc>Click the element identified by ``locator``.</doc>
<status status="NOT RUN" starttime="20220625 11:49:57.751" endtime="20220625 11:49:57.752"/>
</kw>
<kw name="Page Should Contain" library="SeleniumLibrary">
<arg>${valor}</arg>
<doc>Verifies that current page contains ``text``.</doc>
<status status="NOT RUN" starttime="20220625 11:49:57.752" endtime="20220625 11:49:57.753"/>
</kw>
<kw name="Close Browser" library="SeleniumLibrary">
<doc>Closes the current browser.</doc>
<status status="NOT RUN" starttime="20220625 11:49:57.761" endtime="20220625 11:49:57.762"/>
</kw>
<status status="FAIL" starttime="20220625 11:49:31.785" endtime="20220625 11:49:57.771"/>
</kw>
<status status="FAIL" starttime="20220625 11:49:31.784" endtime="20220625 11:49:57.774"/>
</kw>
<status status="FAIL" starttime="20220625 11:49:31.781" endtime="20220625 11:49:57.818">Element with locator 'xpath=/html/body/div/div/div[1]/div[1]/div[2]/div[1]/div[2]' not found.</status>
</test>
<test id="s1-t4" name="testando CTD" line="14">
<kw name="processo CTD" library="jhonatan">
<kw name="Open Browser" library="SeleniumLibrary">
<arg>${site}</arg>
<arg>${navegador}</arg>
<doc>Opens a new browser instance to the optional ``url``.</doc>
<msg timestamp="20220625 11:49:57.833" level="INFO">Opening browser 'Chrome' to base url 'https://www.digitalhouse.com/br'.</msg>
<status status="PASS" starttime="20220625 11:49:57.830" endtime="20220625 11:50:31.084"/>
</kw>
<kw name="Maximize Browser Window" library="SeleniumLibrary">
<doc>Maximizes current browser window.</doc>
<status status="PASS" starttime="20220625 11:50:31.084" endtime="20220625 11:50:31.600"/>
</kw>
<kw name="Sleep" library="BuiltIn">
<arg>3</arg>
<doc>Pauses the test executed for the given time.</doc>
<msg timestamp="20220625 11:50:34.605" level="INFO">Slept 3 seconds</msg>
<status status="PASS" starttime="20220625 11:50:31.600" endtime="20220625 11:50:34.605"/>
</kw>
<kw name="Select Frame" library="SeleniumLibrary">
<arg>xpath=/html/body/iframe[2]</arg>
<doc>Sets frame identified by ``locator`` as the current frame.</doc>
<msg timestamp="20220625 11:50:34.605" level="INFO">Selecting frame 'xpath=/html/body/iframe[2]'.</msg>
<status status="PASS" starttime="20220625 11:50:34.605" endtime="20220625 11:50:34.724"/>
</kw>
<kw name="Click Element" library="SeleniumLibrary">
<arg>xpath=/html/body/div/div/div[1]/div[1]/div[2]/div[1]/div[2]</arg>
<doc>Click the element identified by ``locator``.</doc>
<msg timestamp="20220625 11:50:34.726" level="INFO">Clicking element 'xpath=/html/body/div/div/div[1]/div[1]/div[2]/div[1]/div[2]'.</msg>
<status status="PASS" starttime="20220625 11:50:34.725" endtime="20220625 11:50:35.035"/>
</kw>
<kw name="Unselect Frame" library="SeleniumLibrary">
<doc>Sets the main frame as the current frame.</doc>
<status status="PASS" starttime="20220625 11:50:35.036" endtime="20220625 11:50:35.044"/>
</kw>
<kw name="Click Element" library="SeleniumLibrary">
<arg>${outrosCursos}</arg>
<doc>Click the element identified by ``locator``.</doc>
<msg timestamp="20220625 11:50:35.046" level="INFO">Clicking element 'xpath=//*[@id="__next"]/div/main/section/div/div[3]/div/a'.</msg>
<status status="PASS" starttime="20220625 11:50:35.044" endtime="20220625 11:50:47.430"/>
</kw>
<kw name="Click Element" library="SeleniumLibrary">
<arg>${btnCTD}</arg>
<doc>Click the element identified by ``locator``.</doc>
<msg timestamp="20220625 11:50:47.433" level="INFO">Clicking element 'xpath=//*[@id="__next"]/div/main/section[2]/div/div/div[1]/a/span/p[1]'.</msg>
<status status="PASS" starttime="20220625 11:50:47.431" endtime="20220625 11:50:58.101"/>
</kw>
<kw name="Page Should Contain" library="SeleniumLibrary">
<arg>${textoCTD}</arg>
<doc>Verifies that current page contains ``text``.</doc>
<msg timestamp="20220625 11:50:58.208" level="INFO">Current page contains text 'Uma carreira pensada e desenhada pela Digital House, Mercado Livre e Globant'.</msg>
<status status="PASS" starttime="20220625 11:50:58.101" endtime="20220625 11:50:58.208"/>
</kw>
<kw name="Page Should Contain" library="SeleniumLibrary">
<arg>${textoCTD_}</arg>
<doc>Verifies that current page contains ``text``.</doc>
<msg timestamp="20220625 11:50:58.295" level="INFO">Current page contains text 'Uma carreira pensada e desenhada pela Digital House, Mercado Livre e Globant'.</msg>
<status status="PASS" starttime="20220625 11:50:58.208" endtime="20220625 11:50:58.295"/>
</kw>
<kw name="Click Element" library="SeleniumLibrary">
<arg>${btnInscreverAgora}</arg>
<doc>Click the element identified by ``locator``.</doc>
<msg timestamp="20220625 11:50:58.295" level="INFO">Clicking element 'xpath=//*[@id="__next"]/div/main/section/div/div/div[1]/div/div[2]/div[1]/a'.</msg>
<status status="PASS" starttime="20220625 11:50:58.295" endtime="20220625 11:50:58.532"/>
</kw>
<kw name="Click Element" library="SeleniumLibrary">
<arg>${btnInscrever}</arg>
<doc>Click the element identified by ``locator``.</doc>
<msg timestamp="20220625 11:50:58.534" level="INFO">Clicking element 'xpath=//*[@id="0"]/div/a'.</msg>
<status status="PASS" starttime="20220625 11:50:58.532" endtime="20220625 11:51:07.403"/>
</kw>
<kw name="Page Should Contain" library="SeleniumLibrary">
<arg>a partir de R$ 289,00 mensais</arg>
<doc>Verifies that current page contains ``text``.</doc>
<msg timestamp="20220625 11:51:07.496" level="INFO">Current page contains text 'a partir de R$ 289,00 mensais'.</msg>
<status status="PASS" starttime="20220625 11:51:07.403" endtime="20220625 11:51:07.497"/>
</kw>
<kw name="Input Text" library="SeleniumLibrary">
<arg>${inputNome}</arg>
<arg>${nome}</arg>
<doc>Types the given ``text`` into the text field identified by ``locator``.</doc>
<msg timestamp="20220625 11:51:07.499" level="INFO">Typing text 'Jhonatan' into text field 'id=name'.</msg>
<status status="PASS" starttime="20220625 11:51:07.497" endtime="20220625 11:51:08.431"/>
</kw>
<kw name="Input Text" library="SeleniumLibrary">
<arg>${inputSobrenome}</arg>
<arg>${sobrenome}</arg>
<doc>Types the given ``text`` into the text field identified by ``locator``.</doc>
<msg timestamp="20220625 11:51:08.433" level="INFO">Typing text 'Souza' into text field 'id=lastname'.</msg>
<status status="PASS" starttime="20220625 11:51:08.432" endtime="20220625 11:51:08.825"/>
</kw>
<kw name="Input Text" library="SeleniumLibrary">
<arg>${inputEmail}</arg>
<arg>${email}</arg>
<doc>Types the given ``text`` into the text field identified by ``locator``.</doc>
<msg timestamp="20220625 11:51:08.828" level="INFO">Typing text 'jhonatandesouzade13@gmail.com' into text field 'id=email'.</msg>
<status status="PASS" starttime="20220625 11:51:08.826" endtime="20220625 11:51:09.378"/>
</kw>
<kw name="Input Text" library="SeleniumLibrary">
<arg>${inputDD}</arg>
<arg>${DD}</arg>
<doc>Types the given ``text`` into the text field identified by ``locator``.</doc>
<msg timestamp="20220625 11:51:09.380" level="INFO">Typing text '66' into text field 'id=phonecode'.</msg>
<status status="PASS" starttime="20220625 11:51:09.379" endtime="20220625 11:51:09.802"/>
</kw>
<kw name="Input Text" library="SeleniumLibrary">
<arg>${inputFone}</arg>
<arg>${telefone}</arg>
<doc>Types the given ``text`` into the text field identified by ``locator``.</doc>
<msg timestamp="20220625 11:51:09.805" level="INFO">Typing text '999971678' into text field 'id=phone'.</msg>
<status status="PASS" starttime="20220625 11:51:09.803" endtime="20220625 11:51:10.543"/>
</kw>
<kw name="Click Element" library="SeleniumLibrary">
<arg>${checkbox}</arg>
<doc>Click the element identified by ``locator``.</doc>
<msg timestamp="20220625 11:51:10.548" level="INFO">Clicking element 'id=tyc'.</msg>
<status status="PASS" starttime="20220625 11:51:10.547" endtime="20220625 11:51:10.939"/>
</kw>
<kw name="Sleep" library="BuiltIn">
<arg>5</arg>
<doc>Pauses the test executed for the given time.</doc>
<msg timestamp="20220625 11:51:15.940" level="INFO">Slept 5 seconds</msg>
<status status="PASS" starttime="20220625 11:51:10.939" endtime="20220625 11:51:15.940"/>
</kw>
<kw name="Close Browser" library="SeleniumLibrary">
<doc>Closes the current browser.</doc>
<status status="PASS" starttime="20220625 11:51:15.941" endtime="20220625 11:51:26.204"/>
</kw>
<status status="PASS" starttime="20220625 11:49:57.828" endtime="20220625 11:51:26.205"/>
</kw>
<status status="PASS" starttime="20220625 11:49:57.826" endtime="20220625 11:51:26.207"/>
</test>
<test id="s1-t5" name="testando programa de bolsa" line="16">
<kw name="Validação das informações do Programa de Bolsas BLK PWR DEV" library="jhonatan">
<kw name="Open Browser" library="SeleniumLibrary">
<arg>${site}</arg>
<arg>${navegador}</arg>
<doc>Opens a new browser instance to the optional ``url``.</doc>
<msg timestamp="20220625 11:51:26.212" level="INFO">Opening browser 'Chrome' to base url 'https://www.digitalhouse.com/br'.</msg>
<status status="PASS" starttime="20220625 11:51:26.212" endtime="20220625 11:52:09.166"/>
</kw>
<kw name="Maximize Browser Window" library="SeleniumLibrary">
<doc>Maximizes current browser window.</doc>
<status status="PASS" starttime="20220625 11:52:09.167" endtime="20220625 11:52:09.508"/>
</kw>
<kw name="Sleep" library="BuiltIn">
<arg>3</arg>
<doc>Pauses the test executed for the given time.</doc>
<msg timestamp="20220625 11:52:12.513" level="INFO">Slept 3 seconds</msg>
<status status="PASS" starttime="20220625 11:52:09.508" endtime="20220625 11:52:12.514"/>
</kw>
<kw name="Select Frame" library="SeleniumLibrary">
<arg>xpath=/html/body/iframe[2]</arg>
<doc>Sets frame identified by ``locator`` as the current frame.</doc>
<msg timestamp="20220625 11:52:12.524" level="INFO">Selecting frame 'xpath=/html/body/iframe[2]'.</msg>
<status status="PASS" starttime="20220625 11:52:12.514" endtime="20220625 11:52:12.619"/>
</kw>
<kw name="Click Element" library="SeleniumLibrary">
<arg>xpath=/html/body/div/div/div[1]/div[1]/div[2]/div[1]/div[2]</arg>
<doc>Click the element identified by ``locator``.</doc>
<msg timestamp="20220625 11:52:12.621" level="INFO">Clicking element 'xpath=/html/body/div/div/div[1]/div[1]/div[2]/div[1]/div[2]'.</msg>
<status status="PASS" starttime="20220625 11:52:12.619" endtime="20220625 11:52:12.875"/>
</kw>
<kw name="Unselect Frame" library="SeleniumLibrary">
<doc>Sets the main frame as the current frame.</doc>
<status status="PASS" starttime="20220625 11:52:12.876" endtime="20220625 11:52:12.883"/>
</kw>
<kw name="Click Element" library="SeleniumLibrary">
<arg>${btnQueroMinhaBolsa}</arg>
<doc>Click the element identified by ``locator``.</doc>
<msg timestamp="20220625 11:52:12.885" level="INFO">Clicking element 'xpath=//*[@id="__next"]/div/main/div[1]/div/div/div[2]/div/a'.</msg>
<status status="PASS" starttime="20220625 11:52:12.883" endtime="20220625 11:52:47.051"/>
</kw>
<kw name="Page Should Contain" library="SeleniumLibrary">
<arg>${textoBLK_PWR_DEV}</arg>
<doc>Verifies that current page contains ``text``.</doc>
<msg timestamp="20220625 11:52:47.110" level="INFO">Current page contains text 'Uma carreira em Programação para mudar o seu futuro'.</msg>
<status status="PASS" starttime="20220625 11:52:47.052" endtime="20220625 11:52:47.110"/>
</kw>
<kw name="Page Should Contain" library="SeleniumLibrary">
<arg>${textoBLK_PWR_DEV_}</arg>
<doc>Verifies that current page contains ``text``.</doc>
<msg timestamp="20220625 11:52:47.130" level="INFO">Current page contains text 'Uma carreira em Programação para mudar o seu futuro'.</msg>
<status status="PASS" starttime="20220625 11:52:47.111" endtime="20220625 11:52:47.130"/>
</kw>
<kw name="Click Element" library="SeleniumLibrary">
<arg>${botaoQueroMinhaBolsa}</arg>
<doc>Click the element identified by ``locator``.</doc>
<msg timestamp="20220625 11:52:47.130" level="INFO">Clicking element 'xpath=//*[@id="Iviuo3df7xldB3pOAff2pIiZqwcUd3tv"]/div[1]'.</msg>
<status status="PASS" starttime="20220625 11:52:47.130" endtime="20220625 11:52:47.749"/>
</kw>
<kw name="Page Should Contain" library="SeleniumLibrary">
<arg>a partir de R$88,00 mensais</arg>
<doc>Verifies that current page contains ``text``.</doc>
<msg timestamp="20220625 11:52:48.060" level="INFO">Current page contains text 'a partir de R$88,00 mensais'.</msg>
<status status="PASS" starttime="20220625 11:52:47.751" endtime="20220625 11:52:48.060"/>
</kw>
<kw name="Input Text" library="SeleniumLibrary">
<arg>${campoNome}</arg>
<arg>${nome}</arg>
<doc>Types the given ``text`` into the text field identified by ``locator``.</doc>
<msg timestamp="20220625 11:52:48.064" level="INFO">Typing text 'Jhonatan' into text field 'xpath=//*[@id="CzpXMe7EhpI6diDHrN8Oa1GHrhEPfIsA"]'.</msg>
<status status="PASS" starttime="20220625 11:52:48.061" endtime="20220625 11:52:49.218"/>
</kw>
<kw name="Input Text" library="SeleniumLibrary">
<arg>${campoSobrenome}</arg>
<arg>${sobrenome}</arg>
<doc>Types the given ``text`` into the text field identified by ``locator``.</doc>
<msg timestamp="20220625 11:52:49.220" level="INFO">Typing text 'Souza' into text field 'xpath=//*[@id="f02RR9bt0eNTrF0fJuC2azUMkD7TRX7M"]'.</msg>
<status status="PASS" starttime="20220625 11:52:49.219" endtime="20220625 11:52:49.624"/>
</kw>
<kw name="Input Text" library="SeleniumLibrary">
<arg>${campoEmail}</arg>
<arg>${email}</arg>
<doc>Types the given ``text`` into the text field identified by ``locator``.</doc>
<msg timestamp="20220625 11:52:49.627" level="INFO">Typing text 'jhonatandesouzade13@gmail.com' into text field 'xpath=//*[@id="MUDBMzoKRZnrEBNp5XfGwgA0rdT7iCUw"]'.</msg>
<status status="PASS" starttime="20220625 11:52:49.625" endtime="20220625 11:52:50.220"/>
</kw>
<kw name="Input Text" library="SeleniumLibrary">
<arg>${campoCelular}</arg>
<arg>${DD} ${telefone}</arg>
<doc>Types the given ``text`` into the text field identified by ``locator``.</doc>
<msg timestamp="20220625 11:52:50.223" level="INFO">Typing text '66 999971678' into text field 'xpath=//*[@id="IIqCGDME1hJVbZz5duh3TgaPEzSbSd6G"]'.</msg>
<status status="PASS" starttime="20220625 11:52:50.221" endtime="20220625 11:52:50.560"/>
</kw>
<kw name="Select From List By Label" library="SeleniumLibrary">
<arg>${campoEstado}</arg>
<arg>Mato Grosso</arg>
<doc>Selects options from selection list ``locator`` by ``labels``.</doc>
<msg timestamp="20220625 11:52:50.562" level="INFO">Selecting options from selection list 'xpath=//*[@id="ZGczPPDExPE6xndDZ05KhIgLkrMZSfbL"]' by label Mato Grosso.</msg>
<status status="PASS" starttime="20220625 11:52:50.560" endtime="20220625 11:52:51.111"/>
</kw>
<kw name="Select From List By Label" library="SeleniumLibrary">
<arg>${campoCor}</arg>
<arg>Pardo</arg>
<doc>Selects options from selection list ``locator`` by ``labels``.</doc>
<msg timestamp="20220625 11:52:51.113" level="INFO">Selecting options from selection list 'css=#dZIt6ReeUqhJIp1n4Z5zAAJNmPqCvK1T' by label Pardo.</msg>
<status status="PASS" starttime="20220625 11:52:51.112" endtime="20220625 11:52:51.355"/>
</kw>
<kw name="Click Element" library="SeleniumLibrary">
<arg>${checkboxMinhaBolsa}</arg>
<doc>Click the element identified by ``locator``.</doc>
<msg timestamp="20220625 11:52:51.358" level="INFO">Clicking element 'css=#nB2kF0hw2IEBSJmBHz1NbqnG9XylORio'.</msg>
<status status="PASS" starttime="20220625 11:52:51.356" endtime="20220625 11:52:51.535"/>
</kw>
<kw name="Close Browser" library="SeleniumLibrary">
<doc>Closes the current browser.</doc>
<status status="PASS" starttime="20220625 11:52:51.535" endtime="20220625 11:52:54.313"/>
</kw>
<status status="PASS" starttime="20220625 11:51:26.212" endtime="20220625 11:52:54.314"/>
</kw>
<status status="PASS" starttime="20220625 11:51:26.211" endtime="20220625 11:52:54.318"/>
</test>
<status status="FAIL" starttime="20220625 11:46:38.407" endtime="20220625 11:52:54.324"/>
</suite>
<statistics>
<total>
<stat pass="4" fail="1" skip="0">All Tests</stat>
</total>
<tag>
</tag>
<suite>
<stat pass="4" fail="1" skip="0" id="s1" name="Jhonatan">Jhonatan</stat>
</suite>
</statistics>
<errors>
</errors>
</robot>
